*Info*    Exporting services from client ... 

*Info*    Client has finished starting ... 



*Info*    Configuring the session ...

	Library      = LDO.PROJ
	Cell         = dynamic_resB
	View         = schematic
	Simulator    = spectre
	State Path   = $AXL_SETUPDB_DIR/test_states
	State Name   = LDO.PROJ:dynamic_resB:1_none_Interactive.22
	Results DB   = /home/cadence/LDO_IEEE.SSCS/LDO#2ePROJ/dynamic_resB/adexl/results/data/Interactive.22.rdb
	Results Dir  = /home/cadence/simulation/LDO.PROJ/dynamic_resB/adexl/results/data/Interactive.22/1/LDO.PROJ:dynamic_resB:1
	Results Loc  = /home/cadence/simulation/LDO.PROJ/dynamic_resB/adexl/results/data
	Project Dir  = /home/cadence/simulation
	Setup DB loc = /home/cadence/LDO_IEEE.SSCS/LDO#2ePROJ/dynamic_resB/adexl
	File Encoding = 0


*Info*    Spectre controlMode is set "batch".






*Info*    Run start for Point ID (18 1) on testbench [
          LDO.PROJ:dynamic_resB:1 ].

Resetting statistical vars

*Info*    Setting parameter values ...

Setting var Ib = "10u"
Setting temp(T) = 27

*Info*    Netlist Directory =
          /home/cadence/simulation/LDO.PROJ/dynamic_resB/adexl/results/data/Interactive.22/1/LDO.PROJ:dynamic_resB:1/netlist


*Info*    Data Directory    =
          /home/cadence/simulation/LDO.PROJ/dynamic_resB/adexl/results/data/Interactive.22/1/LDO.PROJ:dynamic_resB:1


*Info*    Creating Netlist for Point ID (18 1)

generate netlist...
Begin Incremental Netlisting Aug  7 10:57:13 2024
WARNING (OSSHNL-160): The primitive, 'gpdk045/nmos1v_hvt/spectre', was not used in the last netlisting session in this
current run directory. Therefore, re-netlisting all cell views where this
primitive is instantiated.

End netlisting Aug  7 10:57:13 2024

Netlisting Statistics:
	Number of components:    5

	Elapsed time:          0.0s
Errors: 0	Warnings: 0
      ...successful.
compose simulator input file...
      ...successful.

*Info*    Running simulation on testbench [ LDO.PROJ:dynamic_resB:1 ]
          for Point ID (18 1).

Delete psf data in /home/cadence/simulation/LDO.PROJ/dynamic_resB/adexl/results/data/Interactive.22/1/LDO.PROJ:dynamic_resB:1/psf.
compose simulator input file...
      ...successful.
start simulator if needed...
      ...successful.
simulate...
To view the simulator output, right-click on the test name, result 
name, or any value in the "Results" tab of the Outputs section and 
choose "Output Log" menu option.
INFO (ADE-3071): Simulation completed successfully.
reading simulation data...
      ...successful.
*Info*    Client has finished evaluating ... 


*Info*    Run complete for Point ID (18 1) on testbench [
          LDO.PROJ:dynamic_resB:1 ].





Simulation design variables differ from those on the cellView,
they have been saved in the file "/tmp/saved-design-variables".
To save future changes, copy variables to cellView before exiting.
