*Info*    Exporting services from client ... 

*Info*    Client has finished starting ... 



*Info*    Configuring the session ...

	Library      = LDO.PROJ
	Cell         = dynamic_resB_TB
	View         = schematic
	Simulator    = spectre
	State Path   = $AXL_SETUPDB_DIR/test_states
	State Name   = LDO.PROJ:dynamic_resB_TB:1_none_Interactive.3
	Results DB   = /home/cadence/LDO_IEEE.SSCS/LDO#2ePROJ/dynamic_resB_TB/adexl/results/data/Interactive.3.rdb
	Results Dir  = /home/cadence/simulation/LDO.PROJ/dynamic_resB_TB/adexl/results/data/Interactive.3/1/LDO.PROJ:dynamic_resB_TB:1
	Results Loc  = /home/cadence/simulation/LDO.PROJ/dynamic_resB_TB/adexl/results/data
	Project Dir  = /home/cadence/simulation
	Setup DB loc = /home/cadence/LDO_IEEE.SSCS/LDO#2ePROJ/dynamic_resB_TB/adexl
	File Encoding = 0


*Info*    Spectre controlMode is set "batch".






*Info*    Run start for Point ID (3 1) on testbench [
          LDO.PROJ:dynamic_resB_TB:1 ].

Resetting statistical vars

*Info*    Setting parameter values ...

Setting temp(T) = 27

*Info*    Netlist Directory =
          /home/cadence/simulation/LDO.PROJ/dynamic_resB_TB/adexl/results/data/Interactive.3/1/LDO.PROJ:dynamic_resB_TB:1/netlist


*Info*    Data Directory    =
          /home/cadence/simulation/LDO.PROJ/dynamic_resB_TB/adexl/results/data/Interactive.3/1/LDO.PROJ:dynamic_resB_TB:1


*Info*    Creating Netlist for Point ID (3 1)

generate netlist...
Begin Incremental Netlisting Aug  7 11:25:55 2024
End netlisting Aug  7 11:25:55 2024

	The netlist is up to date.
	Time taken to compare the design with netlist:   0.0s
      ...successful.
compose simulator input file...
      ...successful.

*Info*    Running simulation on testbench [
          LDO.PROJ:dynamic_resB_TB:1 ] for Point ID (3 1).

Delete psf data in /home/cadence/simulation/LDO.PROJ/dynamic_resB_TB/adexl/results/data/Interactive.3/1/LDO.PROJ:dynamic_resB_TB:1/psf.
compose simulator input file...
      ...successful.
start simulator if needed...
      ...successful.
simulate...
To view the simulator output, right-click on the test name, result 
name, or any value in the "Results" tab of the Outputs section and 
choose "Output Log" menu option.
INFO (ADE-3071): Simulation completed successfully.
reading simulation data...
      ...successful.
*Info*    Client has finished evaluating ... 


*Info*    Run complete for Point ID (3 1) on testbench [
          LDO.PROJ:dynamic_resB_TB:1 ].





